04-04-2022 13:19:05.102 [Gauge] [DEBUG] Created gauge_screenshots_dir at C:\Users\testinium\IdeaProjects\FarukTestinium-Ozdilek\.gauge\screenshots
04-04-2022 13:19:05.104 [Gauge] [DEBUG] Plugin java is already installed.
04-04-2022 13:19:05.104 [Gauge] [DEBUG] Plugin html-report is already installed.
04-04-2022 13:19:05.105 [Gauge] [DEBUG] Parsing started.
04-04-2022 13:19:05.105 [Gauge] [DEBUG] Started concepts parsing.
04-04-2022 13:19:05.117 [Gauge] [DEBUG] 11 concepts parsing completed.
04-04-2022 13:19:05.117 [Gauge] [DEBUG] Started specifications parsing.
04-04-2022 13:19:05.118 [Gauge] [DEBUG] 1 specifications parsing completed.
04-04-2022 13:19:05.118 [Gauge] [DEBUG] Parsing completed.
04-04-2022 13:19:05.119 [Gauge] [DEBUG] Starting java runner
04-04-2022 13:19:05.138 [java] [DEBUG] classpath set to C:\Program Files\Java\jdk1.8.0_311\jre\lib\charsets.jar;C:\Program Files\Java\jdk1.8.0_311\jre\lib\deploy.jar;C:\Program Files\Java\jdk1.8.0_311\jre\lib\ext\access-bridge-64.jar;C:\Program Files\Java\jdk1.8.0_311\jre\lib\ext\cldrdata.jar;C:\Program Files\Java\jdk1.8.0_311\jre\lib\ext\dnsns.jar;C:\Program Files\Java\jdk1.8.0_311\jre\lib\ext\jaccess.jar;C:\Program Files\Java\jdk1.8.0_311\jre\lib\ext\jfxrt.jar;C:\Program Files\Java\jdk1.8.0_311\jre\lib\ext\localedata.jar;C:\Program Files\Java\jdk1.8.0_311\jre\lib\ext\nashorn.jar;C:\Program Files\Java\jdk1.8.0_311\jre\lib\ext\sunec.jar;C:\Program Files\Java\jdk1.8.0_311\jre\lib\ext\sunjce_provider.jar;C:\Program Files\Java\jdk1.8.0_311\jre\lib\ext\sunmscapi.jar;C:\Program Files\Java\jdk1.8.0_311\jre\lib\ext\sunpkcs11.jar;C:\Program Files\Java\jdk1.8.0_311\jre\lib\ext\zipfs.jar;C:\Program Files\Java\jdk1.8.0_311\jre\lib\javaws.jar;C:\Program Files\Java\jdk1.8.0_311\jre\lib\jce.jar;C:\Program Files\Java\jdk1.8.0_311\jre\lib\jfr.jar;C:\Program Files\Java\jdk1.8.0_311\jre\lib\jfxswt.jar;C:\Program Files\Java\jdk1.8.0_311\jre\lib\jsse.jar;C:\Program Files\Java\jdk1.8.0_311\jre\lib\management-agent.jar;C:\Program Files\Java\jdk1.8.0_311\jre\lib\plugin.jar;C:\Program Files\Java\jdk1.8.0_311\jre\lib\resources.jar;C:\Program Files\Java\jdk1.8.0_311\jre\lib\rt.jar;C:\Users\testinium\IdeaProjects\FarukTestinium-Ozdilek\target\test-classes;C:\Users\testinium\.m2\repository\junit\junit\4.12\junit-4.12.jar;C:\Users\testinium\.m2\repository\org\hamcrest\hamcrest-core\1.3\hamcrest-core-1.3.jar;C:\Users\testinium\.m2\repository\com\thoughtworks\gauge\gauge-java\0.7.3\gauge-java-0.7.3.jar;C:\Users\testinium\.m2\repository\org\assertj\assertj-core\3.14.0\assertj-core-3.14.0.jar;C:\Users\testinium\.m2\repository\org\reflections\reflections\0.9.11\reflections-0.9.11.jar;C:\Users\testinium\.m2\repository\org\javassist\javassist\3.21.0-GA\javassist-3.21.0-GA.jar;C:\Users\testinium\.m2\repository\com\github\javaparser\javaparser-core\2.5.1\javaparser-core-2.5.1.jar;C:\Users\testinium\.m2\repository\commons-io\commons-io\2.6\commons-io-2.6.jar;C:\Users\testinium\.m2\repository\commons-lang\commons-lang\2.6\commons-lang-2.6.jar;C:\Users\testinium\.m2\repository\org\json\json\20190722\json-20190722.jar;C:\Users\testinium\.m2\repository\com\google\protobuf\protobuf-java\3.10.0\protobuf-java-3.10.0.jar;C:\Users\testinium\.m2\repository\com\google\guava\guava\28.1-jre\guava-28.1-jre.jar;C:\Users\testinium\.m2\repository\com\google\guava\failureaccess\1.0.1\failureaccess-1.0.1.jar;C:\Users\testinium\.m2\repository\com\google\guava\listenablefuture\9999.0-empty-to-avoid-conflict-with-guava\listenablefuture-9999.0-empty-to-avoid-conflict-with-guava.jar;C:\Users\testinium\.m2\repository\com\google\code\findbugs\jsr305\3.0.2\jsr305-3.0.2.jar;C:\Users\testinium\.m2\repository\org\checkerframework\checker-qual\2.8.1\checker-qual-2.8.1.jar;C:\Users\testinium\.m2\repository\com\google\errorprone\error_prone_annotations\2.3.2\error_prone_annotations-2.3.2.jar;C:\Users\testinium\.m2\repository\com\google\j2objc\j2objc-annotations\1.3\j2objc-annotations-1.3.jar;C:\Users\testinium\.m2\repository\org\codehaus\mojo\animal-sniffer-annotations\1.18\animal-sniffer-annotations-1.18.jar;C:\Users\testinium\.m2\repository\io\grpc\grpc-netty-shaded\1.25.0\grpc-netty-shaded-1.25.0.jar;C:\Users\testinium\.m2\repository\io\grpc\grpc-core\1.25.0\grpc-core-1.25.0.jar;C:\Users\testinium\.m2\repository\io\grpc\grpc-api\1.25.0\grpc-api-1.25.0.jar;C:\Users\testinium\.m2\repository\io\grpc\grpc-context\1.25.0\grpc-context-1.25.0.jar;C:\Users\testinium\.m2\repository\com\google\android\annotations\4.1.1.4\annotations-4.1.1.4.jar;C:\Users\testinium\.m2\repository\io\perfmark\perfmark-api\0.19.0\perfmark-api-0.19.0.jar;C:\Users\testinium\.m2\repository\io\opencensus\opencensus-api\0.21.0\opencensus-api-0.21.0.jar;C:\Users\testinium\.m2\repository\io\opencensus\opencensus-contrib-grpc-metrics\0.21.0\opencensus-contrib-grpc-metrics-0.21.0.jar;C:\Users\testinium\.m2\repository\io\grpc\grpc-protobuf\1.24.1\grpc-protobuf-1.24.1.jar;C:\Users\testinium\.m2\repository\com\google\api\grpc\proto-google-common-protos\1.12.0\proto-google-common-protos-1.12.0.jar;C:\Users\testinium\.m2\repository\io\grpc\grpc-protobuf-lite\1.24.1\grpc-protobuf-lite-1.24.1.jar;C:\Users\testinium\.m2\repository\io\grpc\grpc-stub\1.24.1\grpc-stub-1.24.1.jar;C:\Users\testinium\.m2\repository\javax\annotation\javax.annotation-api\1.3.2\javax.annotation-api-1.3.2.jar;C:\Users\testinium\.m2\repository\io\appium\java-client\7.3.0\java-client-7.3.0.jar;C:\Users\testinium\.m2\repository\org\seleniumhq\selenium\selenium-java\3.141.59\selenium-java-3.141.59.jar;C:\Users\testinium\.m2\repository\org\seleniumhq\selenium\selenium-chrome-driver\3.141.59\selenium-chrome-driver-3.141.59.jar;C:\Users\testinium\.m2\repository\org\seleniumhq\selenium\selenium-edge-driver\3.141.59\selenium-edge-driver-3.141.59.jar;C:\Users\testinium\.m2\repository\org\seleniumhq\selenium\selenium-firefox-driver\3.141.59\selenium-firefox-driver-3.141.59.jar;C:\Users\testinium\.m2\repository\org\seleniumhq\selenium\selenium-ie-driver\3.141.59\selenium-ie-driver-3.141.59.jar;C:\Users\testinium\.m2\repository\org\seleniumhq\selenium\selenium-opera-driver\3.141.59\selenium-opera-driver-3.141.59.jar;C:\Users\testinium\.m2\repository\org\seleniumhq\selenium\selenium-remote-driver\3.141.59\selenium-remote-driver-3.141.59.jar;C:\Users\testinium\.m2\repository\org\seleniumhq\selenium\selenium-safari-driver\3.141.59\selenium-safari-driver-3.141.59.jar;C:\Users\testinium\.m2\repository\net\bytebuddy\byte-buddy\1.8.15\byte-buddy-1.8.15.jar;C:\Users\testinium\.m2\repository\org\apache\commons\commons-exec\1.3\commons-exec-1.3.jar;C:\Users\testinium\.m2\repository\com\squareup\okhttp3\okhttp\3.11.0\okhttp-3.11.0.jar;C:\Users\testinium\.m2\repository\com\squareup\okio\okio\1.14.0\okio-1.14.0.jar;C:\Users\testinium\.m2\repository\org\seleniumhq\selenium\selenium-support\3.141.59\selenium-support-3.141.59.jar;C:\Users\testinium\.m2\repository\org\seleniumhq\selenium\selenium-api\3.141.59\selenium-api-3.141.59.jar;C:\Users\testinium\.m2\repository\com\google\code\gson\gson\2.8.5\gson-2.8.5.jar;C:\Users\testinium\.m2\repository\org\apache\httpcomponents\httpclient\4.5.9\httpclient-4.5.9.jar;C:\Users\testinium\.m2\repository\org\apache\httpcomponents\httpcore\4.4.11\httpcore-4.4.11.jar;C:\Users\testinium\.m2\repository\commons-logging\commons-logging\1.2\commons-logging-1.2.jar;C:\Users\testinium\.m2\repository\commons-codec\commons-codec\1.11\commons-codec-1.11.jar;C:\Users\testinium\.m2\repository\cglib\cglib\3.2.12\cglib-3.2.12.jar;C:\Users\testinium\.m2\repository\org\ow2\asm\asm\7.1\asm-7.1.jar;C:\Users\testinium\.m2\repository\commons-validator\commons-validator\1.6\commons-validator-1.6.jar;C:\Users\testinium\.m2\repository\commons-beanutils\commons-beanutils\1.9.2\commons-beanutils-1.9.2.jar;C:\Users\testinium\.m2\repository\commons-digester\commons-digester\1.8.1\commons-digester-1.8.1.jar;C:\Users\testinium\.m2\repository\commons-collections\commons-collections\3.2.2\commons-collections-3.2.2.jar;C:\Users\testinium\.m2\repository\org\apache\commons\commons-lang3\3.9\commons-lang3-3.9.jar;C:\Users\testinium\.m2\repository\org\springframework\spring-context\5.1.8.RELEASE\spring-context-5.1.8.RELEASE.jar;C:\Users\testinium\.m2\repository\org\springframework\spring-aop\5.1.8.RELEASE\spring-aop-5.1.8.RELEASE.jar;C:\Users\testinium\.m2\repository\org\springframework\spring-beans\5.1.8.RELEASE\spring-beans-5.1.8.RELEASE.jar;C:\Users\testinium\.m2\repository\org\springframework\spring-core\5.1.8.RELEASE\spring-core-5.1.8.RELEASE.jar;C:\Users\testinium\.m2\repository\org\springframework\spring-jcl\5.1.8.RELEASE\spring-jcl-5.1.8.RELEASE.jar;C:\Users\testinium\.m2\repository\org\springframework\spring-expression\5.1.8.RELEASE\spring-expression-5.1.8.RELEASE.jar;C:\Users\testinium\.m2\repository\org\aspectj\aspectjweaver\1.9.4\aspectjweaver-1.9.4.jar;C:\Users\testinium\.m2\repository\org\slf4j\slf4j-api\1.7.30\slf4j-api-1.7.30.jar;C:\Users\testinium\.m2\repository\org\slf4j\slf4j-log4j12\1.7.30\slf4j-log4j12-1.7.30.jar;C:\Users\testinium\.m2\repository\log4j\log4j\1.2.17\log4j-1.2.17.jar
04-04-2022 13:19:05.423 [java] [DEBUG] Connecting to port: 60442
04-04-2022 13:19:05.432 [Gauge] [DEBUG] Established connection to runner.
04-04-2022 13:19:05.432 [Gauge] [DEBUG] Validation started.
04-04-2022 13:19:05.433 [java] [DEBUG] Connected to 127.0.0.1:60442
04-04-2022 13:19:05.548 [java] [INFO] log4j:WARN No appenders could be found for logger (org.reflections.Reflections).
04-04-2022 13:19:05.549 [java] [INFO] log4j:WARN Please initialize the log4j system properly.
04-04-2022 13:19:05.550 [java] [INFO] log4j:WARN See http://logging.apache.org/log4j/1.2/faq.html#noconfig for more info.
04-04-2022 13:19:06.529 [Gauge] [DEBUG] Checking updates...
04-04-2022 13:19:06.537 [Gauge] [DEBUG] Downloading https://downloads.gauge.org/plugin/html-report?l=java&p=html-report,java,screenshot,spectacle,xml-report&o=windows&a=amd64
04-04-2022 13:19:07.377 [Gauge] [DEBUG] Downloading https://downloads.gauge.org/plugin/java?l=java&p=html-report,java,screenshot,spectacle,xml-report&o=windows&a=amd64
04-04-2022 13:19:07.545 [Gauge] [DEBUG] Downloading https://downloads.gauge.org/plugin/screenshot?l=java&p=html-report,java,screenshot,spectacle,xml-report&o=windows&a=amd64
04-04-2022 13:19:07.755 [Gauge] [DEBUG] Downloading https://downloads.gauge.org/plugin/spectacle?l=java&p=html-report,java,screenshot,spectacle,xml-report&o=windows&a=amd64
04-04-2022 13:19:07.968 [Gauge] [DEBUG] Downloading https://downloads.gauge.org/plugin/xml-report?l=java&p=html-report,java,screenshot,spectacle,xml-report&o=windows&a=amd64
04-04-2022 13:19:09.799 [java] [DEBUG] Scanning packages for steps
04-04-2022 13:19:09.855 [java] [DEBUG] Scanning packages for hooks
04-04-2022 13:19:13.270 [Gauge] [DEBUG] Validation completed.
04-04-2022 13:19:13.272 [Gauge] [DEBUG] Run started
04-04-2022 13:19:13.273 [Gauge] [DEBUG] Starting Html Report plugin
04-04-2022 13:19:13.303 [Gauge] [DEBUG] Attempting to connect to grpc server at port: 54955
04-04-2022 13:19:13.309 [Gauge] [DEBUG] Successfully made the connection with plugin with port: 54955
04-04-2022 13:19:13.310 [Gauge] [DEBUG] Initialising suite data store.
04-04-2022 13:19:13.340 [java] [INFO] !!!!!!! Ozdilekteyim App Testi localde basliyor !!!!!!!
04-04-2022 13:19:22.665 [java] [INFO] Apr 04, 2022 1:19:22 PM io.appium.java_client.remote.AppiumCommandExecutor$1 lambda$0
04-04-2022 13:19:22.665 [java] [INFO] INFO: Detected dialect: W3C
04-04-2022 13:19:24.854 [java] [INFO] Kontrol edilen element Gorunur oldu ve tiklandi
04-04-2022 13:19:28.983 [java] [INFO] Kontrol edilen element Gorunur oldu ve tiklandi
04-04-2022 13:19:34.480 [java] [INFO] Kontrol edilen //*[@resource-id='com.ozdilek.ozdilekteyim:id/bottom_navigation_view']/*['android.view.ViewGroup']/*[@resource-id='com.ozdilek.ozdilekteyim:id/nav_categories']element Gorunur oldu ve tiklandi
04-04-2022 13:19:38.728 [java] [INFO] Kontrol edilen //*[@resource-id='com.ozdilek.ozdilekteyim:id/action_bar_root']/*[@resource-id='android:id/content']/*[@class='android.widget.FrameLayout']/*[@resource-id='com.ozdilek.ozdilekteyim:id/container']/*[@class='android.widget.FrameLayout']/*[@resource-id='com.ozdilek.ozdilekteyim:id/categoryTabContainer']/*[@resource-id='com.ozdilek.ozdilekteyim:id/categoryTab']/*[@class='android.widget.LinearLayout']/*[@resource-id='com.ozdilek.ozdilekteyim:id/frameLay']/*[@resource-id='com.ozdilek.ozdilekteyim:id/viewPager']/*[@class='androidx.recyclerview.widget.RecyclerView']/*[@class='android.widget.FrameLayout']/*[@class='android.widget.RelativeLayout']/*[@resource-id='com.ozdilek.ozdilekteyim:id/recyclerCategories']/*[@resource-id='com.ozdilek.ozdilekteyim:id/relLayCategoriesItem'][2]element Gorunur oldu ve tiklandi
04-04-2022 13:19:42.887 [java] [INFO] Kontrol edilen //*[@resource-id='com.ozdilek.ozdilekteyim:id/relLayCategoriesItem']/android.widget.TextView[@text='Pantolon']element Gorunur oldu ve tiklandi
04-04-2022 13:19:53.768 [java] [INFO] Kontrol edilen 4. index elementi Gorunur oldu ve tiklandi
04-04-2022 13:19:57.996 [java] [INFO] Kontrol edilen //*[@resource-id='com.ozdilek.ozdilekteyim:id/action_bar_root']/*[@resource-id='android:id/content']/*[@class='android.widget.FrameLayout']/*[@resource-id='com.ozdilek.ozdilekteyim:id/container']/*[@class='android.widget.FrameLayout']/*[@resource-id='com.ozdilek.ozdilekteyim:id/categoryTabContainer']/*[@resource-id='com.ozdilek.ozdilekteyim:id/categoryTab']/*[@class='android.widget.RelativeLayout']/*[@resource-id='com.ozdilek.ozdilekteyim:id/scrollView']/*[@class='android.view.ViewGroup']/*[@resource-id='com.ozdilek.ozdilekteyim:id/cardInstallmentAndSizeAttribute']/*[@class='android.widget.LinearLayout']/*[@resource-id='com.ozdilek.ozdilekteyim:id/relLayAddFav']element Gorunur oldu ve tiklandi
04-04-2022 13:20:00.016 [java] [INFO] Giris yapma sayfasi acildi
04-04-2022 13:20:01.172 [java] [INFO] Kontrol edilen com.ozdilek.ozdilekteyim:id/etEpostaelement Gorunur oldu ve tiklandi
04-04-2022 13:20:03.191 [java] [INFO] Giris yapma sayfasi acildi
04-04-2022 13:20:03.773 [java] [INFO] Kontrol edilen com.ozdilek.ozdilekteyim:id/etPasswordelement Gorunur oldu ve tiklandi
04-04-2022 13:20:05.868 [java] [INFO] Kontrol edilen element Gorunur oldu ve tiklandi
04-04-2022 13:20:07.954 [java] [INFO] Kontrol edilen element Gorunur oldu ve tiklandi
04-04-2022 13:20:10.126 [java] [INFO] Kontrol edilen 3. index elementi Gorunur oldu ve tiklandi
04-04-2022 13:20:12.242 [java] [INFO] Kontrol edilen element Gorunur oldu ve tiklandi
04-04-2022 13:20:14.566 [html-report] [DEBUG] Transformed SuiteResult to report structure
04-04-2022 13:20:15.400 [html-report] [INFO] Successfully generated html-report to => C:\Users\testinium\IdeaProjects\FarukTestinium-Ozdilek\reports\html-report\index.html
04-04-2022 13:20:15.400 [html-report] [DEBUG] Done generating HTML report using theme from C:\Users\testinium\AppData\Roaming\gauge\plugins\html-report\4.1.4\themes\default
04-04-2022 13:20:15.400 [Gauge] [DEBUG] Sending kill message to Html Report plugin.
04-04-2022 13:20:15.402 [Gauge] [DEBUG] Sending kill message to runner.
04-04-2022 13:20:15.403 [java] [DEBUG] Kill process request recieved
04-04-2022 13:20:15.507 [Gauge] [DEBUG] Runner with PID:1516 has exited
04-04-2022 13:20:15.507 [Gauge] [INFO] Specifications:	1 executed	1 passed	0 failed	0 skipped
04-04-2022 13:20:15.507 [Gauge] [INFO] Scenarios:	1 executed	1 passed	0 failed	0 skipped
04-04-2022 13:20:15.507 [Gauge] [INFO] 
Total time taken: 1m1.29s
04-04-2022 13:20:15.508 [Gauge] [INFO] Updates are available. Run `gauge update -c` for more info.
04-04-2022 13:55:14.063 [Gauge] [DEBUG] Created gauge_screenshots_dir at C:\Users\testinium\IdeaProjects\FarukTestinium-Ozdilek\.gauge\screenshots
04-04-2022 13:55:14.066 [Gauge] [DEBUG] Plugin java is already installed.
04-04-2022 13:55:14.066 [Gauge] [DEBUG] Plugin html-report is already installed.
04-04-2022 13:55:14.067 [Gauge] [DEBUG] Parsing started.
04-04-2022 13:55:14.067 [Gauge] [DEBUG] Started concepts parsing.
04-04-2022 13:55:14.072 [Gauge] [DEBUG] 11 concepts parsing completed.
04-04-2022 13:55:14.072 [Gauge] [DEBUG] Started specifications parsing.
04-04-2022 13:55:14.073 [Gauge] [DEBUG] 1 specifications parsing completed.
04-04-2022 13:55:14.073 [Gauge] [DEBUG] Parsing completed.
04-04-2022 13:55:14.074 [Gauge] [DEBUG] Starting java runner
04-04-2022 13:55:14.094 [java] [DEBUG] classpath set to C:\Program Files\Java\jdk1.8.0_311\jre\lib\charsets.jar;C:\Program Files\Java\jdk1.8.0_311\jre\lib\deploy.jar;C:\Program Files\Java\jdk1.8.0_311\jre\lib\ext\access-bridge-64.jar;C:\Program Files\Java\jdk1.8.0_311\jre\lib\ext\cldrdata.jar;C:\Program Files\Java\jdk1.8.0_311\jre\lib\ext\dnsns.jar;C:\Program Files\Java\jdk1.8.0_311\jre\lib\ext\jaccess.jar;C:\Program Files\Java\jdk1.8.0_311\jre\lib\ext\jfxrt.jar;C:\Program Files\Java\jdk1.8.0_311\jre\lib\ext\localedata.jar;C:\Program Files\Java\jdk1.8.0_311\jre\lib\ext\nashorn.jar;C:\Program Files\Java\jdk1.8.0_311\jre\lib\ext\sunec.jar;C:\Program Files\Java\jdk1.8.0_311\jre\lib\ext\sunjce_provider.jar;C:\Program Files\Java\jdk1.8.0_311\jre\lib\ext\sunmscapi.jar;C:\Program Files\Java\jdk1.8.0_311\jre\lib\ext\sunpkcs11.jar;C:\Program Files\Java\jdk1.8.0_311\jre\lib\ext\zipfs.jar;C:\Program Files\Java\jdk1.8.0_311\jre\lib\javaws.jar;C:\Program Files\Java\jdk1.8.0_311\jre\lib\jce.jar;C:\Program Files\Java\jdk1.8.0_311\jre\lib\jfr.jar;C:\Program Files\Java\jdk1.8.0_311\jre\lib\jfxswt.jar;C:\Program Files\Java\jdk1.8.0_311\jre\lib\jsse.jar;C:\Program Files\Java\jdk1.8.0_311\jre\lib\management-agent.jar;C:\Program Files\Java\jdk1.8.0_311\jre\lib\plugin.jar;C:\Program Files\Java\jdk1.8.0_311\jre\lib\resources.jar;C:\Program Files\Java\jdk1.8.0_311\jre\lib\rt.jar;C:\Users\testinium\IdeaProjects\FarukTestinium-Ozdilek\target\test-classes;C:\Users\testinium\.m2\repository\junit\junit\4.12\junit-4.12.jar;C:\Users\testinium\.m2\repository\org\hamcrest\hamcrest-core\1.3\hamcrest-core-1.3.jar;C:\Users\testinium\.m2\repository\com\thoughtworks\gauge\gauge-java\0.7.3\gauge-java-0.7.3.jar;C:\Users\testinium\.m2\repository\org\assertj\assertj-core\3.14.0\assertj-core-3.14.0.jar;C:\Users\testinium\.m2\repository\org\reflections\reflections\0.9.11\reflections-0.9.11.jar;C:\Users\testinium\.m2\repository\org\javassist\javassist\3.21.0-GA\javassist-3.21.0-GA.jar;C:\Users\testinium\.m2\repository\com\github\javaparser\javaparser-core\2.5.1\javaparser-core-2.5.1.jar;C:\Users\testinium\.m2\repository\commons-io\commons-io\2.6\commons-io-2.6.jar;C:\Users\testinium\.m2\repository\commons-lang\commons-lang\2.6\commons-lang-2.6.jar;C:\Users\testinium\.m2\repository\org\json\json\20190722\json-20190722.jar;C:\Users\testinium\.m2\repository\com\google\protobuf\protobuf-java\3.10.0\protobuf-java-3.10.0.jar;C:\Users\testinium\.m2\repository\com\google\guava\guava\28.1-jre\guava-28.1-jre.jar;C:\Users\testinium\.m2\repository\com\google\guava\failureaccess\1.0.1\failureaccess-1.0.1.jar;C:\Users\testinium\.m2\repository\com\google\guava\listenablefuture\9999.0-empty-to-avoid-conflict-with-guava\listenablefuture-9999.0-empty-to-avoid-conflict-with-guava.jar;C:\Users\testinium\.m2\repository\com\google\code\findbugs\jsr305\3.0.2\jsr305-3.0.2.jar;C:\Users\testinium\.m2\repository\org\checkerframework\checker-qual\2.8.1\checker-qual-2.8.1.jar;C:\Users\testinium\.m2\repository\com\google\errorprone\error_prone_annotations\2.3.2\error_prone_annotations-2.3.2.jar;C:\Users\testinium\.m2\repository\com\google\j2objc\j2objc-annotations\1.3\j2objc-annotations-1.3.jar;C:\Users\testinium\.m2\repository\org\codehaus\mojo\animal-sniffer-annotations\1.18\animal-sniffer-annotations-1.18.jar;C:\Users\testinium\.m2\repository\io\grpc\grpc-netty-shaded\1.25.0\grpc-netty-shaded-1.25.0.jar;C:\Users\testinium\.m2\repository\io\grpc\grpc-core\1.25.0\grpc-core-1.25.0.jar;C:\Users\testinium\.m2\repository\io\grpc\grpc-api\1.25.0\grpc-api-1.25.0.jar;C:\Users\testinium\.m2\repository\io\grpc\grpc-context\1.25.0\grpc-context-1.25.0.jar;C:\Users\testinium\.m2\repository\com\google\android\annotations\4.1.1.4\annotations-4.1.1.4.jar;C:\Users\testinium\.m2\repository\io\perfmark\perfmark-api\0.19.0\perfmark-api-0.19.0.jar;C:\Users\testinium\.m2\repository\io\opencensus\opencensus-api\0.21.0\opencensus-api-0.21.0.jar;C:\Users\testinium\.m2\repository\io\opencensus\opencensus-contrib-grpc-metrics\0.21.0\opencensus-contrib-grpc-metrics-0.21.0.jar;C:\Users\testinium\.m2\repository\io\grpc\grpc-protobuf\1.24.1\grpc-protobuf-1.24.1.jar;C:\Users\testinium\.m2\repository\com\google\api\grpc\proto-google-common-protos\1.12.0\proto-google-common-protos-1.12.0.jar;C:\Users\testinium\.m2\repository\io\grpc\grpc-protobuf-lite\1.24.1\grpc-protobuf-lite-1.24.1.jar;C:\Users\testinium\.m2\repository\io\grpc\grpc-stub\1.24.1\grpc-stub-1.24.1.jar;C:\Users\testinium\.m2\repository\javax\annotation\javax.annotation-api\1.3.2\javax.annotation-api-1.3.2.jar;C:\Users\testinium\.m2\repository\io\appium\java-client\7.3.0\java-client-7.3.0.jar;C:\Users\testinium\.m2\repository\org\seleniumhq\selenium\selenium-java\3.141.59\selenium-java-3.141.59.jar;C:\Users\testinium\.m2\repository\org\seleniumhq\selenium\selenium-chrome-driver\3.141.59\selenium-chrome-driver-3.141.59.jar;C:\Users\testinium\.m2\repository\org\seleniumhq\selenium\selenium-edge-driver\3.141.59\selenium-edge-driver-3.141.59.jar;C:\Users\testinium\.m2\repository\org\seleniumhq\selenium\selenium-firefox-driver\3.141.59\selenium-firefox-driver-3.141.59.jar;C:\Users\testinium\.m2\repository\org\seleniumhq\selenium\selenium-ie-driver\3.141.59\selenium-ie-driver-3.141.59.jar;C:\Users\testinium\.m2\repository\org\seleniumhq\selenium\selenium-opera-driver\3.141.59\selenium-opera-driver-3.141.59.jar;C:\Users\testinium\.m2\repository\org\seleniumhq\selenium\selenium-remote-driver\3.141.59\selenium-remote-driver-3.141.59.jar;C:\Users\testinium\.m2\repository\org\seleniumhq\selenium\selenium-safari-driver\3.141.59\selenium-safari-driver-3.141.59.jar;C:\Users\testinium\.m2\repository\net\bytebuddy\byte-buddy\1.8.15\byte-buddy-1.8.15.jar;C:\Users\testinium\.m2\repository\org\apache\commons\commons-exec\1.3\commons-exec-1.3.jar;C:\Users\testinium\.m2\repository\com\squareup\okhttp3\okhttp\3.11.0\okhttp-3.11.0.jar;C:\Users\testinium\.m2\repository\com\squareup\okio\okio\1.14.0\okio-1.14.0.jar;C:\Users\testinium\.m2\repository\org\seleniumhq\selenium\selenium-support\3.141.59\selenium-support-3.141.59.jar;C:\Users\testinium\.m2\repository\org\seleniumhq\selenium\selenium-api\3.141.59\selenium-api-3.141.59.jar;C:\Users\testinium\.m2\repository\com\google\code\gson\gson\2.8.5\gson-2.8.5.jar;C:\Users\testinium\.m2\repository\org\apache\httpcomponents\httpclient\4.5.9\httpclient-4.5.9.jar;C:\Users\testinium\.m2\repository\org\apache\httpcomponents\httpcore\4.4.11\httpcore-4.4.11.jar;C:\Users\testinium\.m2\repository\commons-logging\commons-logging\1.2\commons-logging-1.2.jar;C:\Users\testinium\.m2\repository\commons-codec\commons-codec\1.11\commons-codec-1.11.jar;C:\Users\testinium\.m2\repository\cglib\cglib\3.2.12\cglib-3.2.12.jar;C:\Users\testinium\.m2\repository\org\ow2\asm\asm\7.1\asm-7.1.jar;C:\Users\testinium\.m2\repository\commons-validator\commons-validator\1.6\commons-validator-1.6.jar;C:\Users\testinium\.m2\repository\commons-beanutils\commons-beanutils\1.9.2\commons-beanutils-1.9.2.jar;C:\Users\testinium\.m2\repository\commons-digester\commons-digester\1.8.1\commons-digester-1.8.1.jar;C:\Users\testinium\.m2\repository\commons-collections\commons-collections\3.2.2\commons-collections-3.2.2.jar;C:\Users\testinium\.m2\repository\org\apache\commons\commons-lang3\3.9\commons-lang3-3.9.jar;C:\Users\testinium\.m2\repository\org\springframework\spring-context\5.1.8.RELEASE\spring-context-5.1.8.RELEASE.jar;C:\Users\testinium\.m2\repository\org\springframework\spring-aop\5.1.8.RELEASE\spring-aop-5.1.8.RELEASE.jar;C:\Users\testinium\.m2\repository\org\springframework\spring-beans\5.1.8.RELEASE\spring-beans-5.1.8.RELEASE.jar;C:\Users\testinium\.m2\repository\org\springframework\spring-core\5.1.8.RELEASE\spring-core-5.1.8.RELEASE.jar;C:\Users\testinium\.m2\repository\org\springframework\spring-jcl\5.1.8.RELEASE\spring-jcl-5.1.8.RELEASE.jar;C:\Users\testinium\.m2\repository\org\springframework\spring-expression\5.1.8.RELEASE\spring-expression-5.1.8.RELEASE.jar;C:\Users\testinium\.m2\repository\org\aspectj\aspectjweaver\1.9.4\aspectjweaver-1.9.4.jar;C:\Users\testinium\.m2\repository\org\slf4j\slf4j-api\1.7.30\slf4j-api-1.7.30.jar;C:\Users\testinium\.m2\repository\org\slf4j\slf4j-log4j12\1.7.30\slf4j-log4j12-1.7.30.jar;C:\Users\testinium\.m2\repository\log4j\log4j\1.2.17\log4j-1.2.17.jar
04-04-2022 13:55:14.366 [java] [DEBUG] Connecting to port: 57041
04-04-2022 13:55:14.379 [Gauge] [DEBUG] Established connection to runner.
04-04-2022 13:55:14.379 [Gauge] [DEBUG] Validation started.
04-04-2022 13:55:14.379 [java] [DEBUG] Connected to 127.0.0.1:57041
04-04-2022 13:55:14.473 [java] [INFO] log4j:WARN No appenders could be found for logger (org.reflections.Reflections).
04-04-2022 13:55:14.473 [java] [INFO] log4j:WARN Please initialize the log4j system properly.
04-04-2022 13:55:14.473 [java] [INFO] log4j:WARN See http://logging.apache.org/log4j/1.2/faq.html#noconfig for more info.
04-04-2022 13:55:15.164 [Gauge] [DEBUG] Checking updates...
04-04-2022 13:55:15.167 [Gauge] [DEBUG] Downloading https://downloads.gauge.org/plugin/html-report?l=java&p=html-report,java,screenshot,spectacle,xml-report&o=windows&a=amd64
04-04-2022 13:55:16.000 [Gauge] [DEBUG] Downloading https://downloads.gauge.org/plugin/java?l=java&p=html-report,java,screenshot,spectacle,xml-report&o=windows&a=amd64
04-04-2022 13:55:16.193 [Gauge] [DEBUG] Downloading https://downloads.gauge.org/plugin/screenshot?l=java&p=html-report,java,screenshot,spectacle,xml-report&o=windows&a=amd64
04-04-2022 13:55:16.388 [Gauge] [DEBUG] Downloading https://downloads.gauge.org/plugin/spectacle?l=java&p=html-report,java,screenshot,spectacle,xml-report&o=windows&a=amd64
04-04-2022 13:55:16.601 [Gauge] [DEBUG] Downloading https://downloads.gauge.org/plugin/xml-report?l=java&p=html-report,java,screenshot,spectacle,xml-report&o=windows&a=amd64
04-04-2022 13:55:18.558 [java] [DEBUG] Scanning packages for steps
04-04-2022 13:55:18.606 [java] [DEBUG] Scanning packages for hooks
04-04-2022 13:55:22.014 [Gauge] [DEBUG] Validation completed.
04-04-2022 13:55:22.015 [Gauge] [DEBUG] Run started
04-04-2022 13:55:22.017 [Gauge] [DEBUG] Starting Html Report plugin
04-04-2022 13:55:22.048 [Gauge] [DEBUG] Attempting to connect to grpc server at port: 60400
04-04-2022 13:55:22.054 [Gauge] [DEBUG] Successfully made the connection with plugin with port: 60400
04-04-2022 13:55:22.054 [Gauge] [DEBUG] Initialising suite data store.
04-04-2022 13:55:22.105 [java] [INFO] !!!!!!! Ozdilekteyim App Testi localde basliyor !!!!!!!
04-04-2022 13:55:32.546 [java] [INFO] Apr 04, 2022 1:55:32 PM io.appium.java_client.remote.AppiumCommandExecutor$1 lambda$0
04-04-2022 13:55:32.546 [java] [INFO] INFO: Detected dialect: W3C
04-04-2022 13:55:34.732 [java] [INFO] Kontrol edilen element Gorunur oldu ve tiklandi
04-04-2022 13:55:38.845 [java] [INFO] Kontrol edilen element Gorunur oldu ve tiklandi
04-04-2022 13:55:43.444 [java] [INFO] Kontrol edilen element Gorunur oldu ve tiklandi
04-04-2022 13:55:47.720 [java] [INFO] Kontrol edilen //*[@resource-id='com.ozdilek.ozdilekteyim:id/relLayCategoriesItem']/android.widget.TextView[@text='Kadın']element Gorunur oldu ve tiklandi
04-04-2022 13:55:51.943 [java] [INFO] Kontrol edilen //*[@resource-id='com.ozdilek.ozdilekteyim:id/relLayCategoriesItem']/android.widget.TextView[@text='Pantolon']element Gorunur oldu ve tiklandi
04-04-2022 13:56:02.798 [java] [INFO] Kontrol edilen 0. index elementi Gorunur oldu ve tiklandi
04-04-2022 13:56:07.669 [java] [INFO] Kontrol edilen //*[@resource-id='com.ozdilek.ozdilekteyim:id/favLine']element Gorunur oldu ve tiklandi
04-04-2022 13:56:09.682 [java] [INFO] Giris yapma sayfasi acildi
04-04-2022 13:56:10.364 [java] [INFO] Kontrol edilen com.ozdilek.ozdilekteyim:id/etEpostaelement Gorunur oldu ve tiklandi
04-04-2022 13:56:12.377 [java] [INFO] Giris yapma sayfasi acildi
04-04-2022 13:56:12.961 [java] [INFO] Kontrol edilen com.ozdilek.ozdilekteyim:id/etPasswordelement Gorunur oldu ve tiklandi
04-04-2022 13:56:15.053 [java] [INFO] Kontrol edilen element Gorunur oldu ve tiklandi
04-04-2022 13:56:17.141 [java] [INFO] Kontrol edilen element Gorunur oldu ve tiklandi
04-04-2022 13:56:19.268 [java] [INFO] Kontrol edilen 0. index elementi Gorunur oldu ve tiklandi
04-04-2022 13:56:21.402 [java] [INFO] Kontrol edilen element Gorunur oldu ve tiklandi
04-04-2022 13:56:23.786 [html-report] [DEBUG] Transformed SuiteResult to report structure
04-04-2022 13:56:23.858 [html-report] [INFO] Successfully generated html-report to => C:\Users\testinium\IdeaProjects\FarukTestinium-Ozdilek\reports\html-report\index.html
04-04-2022 13:56:23.858 [html-report] [DEBUG] Done generating HTML report using theme from C:\Users\testinium\AppData\Roaming\gauge\plugins\html-report\4.1.4\themes\default
04-04-2022 13:56:23.858 [Gauge] [DEBUG] Sending kill message to Html Report plugin.
04-04-2022 13:56:23.860 [Gauge] [DEBUG] Sending kill message to runner.
04-04-2022 13:56:23.861 [java] [DEBUG] Kill process request recieved
04-04-2022 13:56:24.071 [Gauge] [DEBUG] Runner with PID:16520 has exited
04-04-2022 13:56:24.072 [Gauge] [INFO] Specifications:	1 executed	1 passed	0 failed	0 skipped
04-04-2022 13:56:24.072 [Gauge] [INFO] Scenarios:	1 executed	1 passed	0 failed	0 skipped
04-04-2022 13:56:24.073 [Gauge] [INFO] 
Total time taken: 1m1.768s
04-04-2022 13:56:24.075 [Gauge] [INFO] Updates are available. Run `gauge update -c` for more info.
